<component name="libraryTable">
  <library name="junit-4.13 (3)">
    <CLASSES>
      <root url="jar://$PROJECT_DIR$/a03-list/lib/junit-4.13.jar!/" />
    </CLASSES>
    <JAVADOC />
    <SOURCES />
  </library>
</component>